# JRE version: Java(TM) SE Runtime Environment (8.0_181-b13) (build 1.8.0_181-b13)
# Java VM: Java HotSpot(TM) 64-Bit Server VM (25.181-b13 mixed mode windows-amd64 compressed oops)
Heap:
 PSYoungGen      total 81408K, used 40410K [0x00000000e0800000, 0x00000000e6280000, 0x0000000100000000)
  eden space 74240K, 46% used [0x00000000e0800000,0x00000000e2980140,0x00000000e5080000)
  from space 7168K, 85% used [0x00000000e5b80000,0x00000000e61767c0,0x00000000e6280000)
  to   space 9216K, 0% used [0x00000000e5080000,0x00000000e5080000,0x00000000e5980000)
 ParOldGen       total 47104K, used 6903K [0x00000000a1800000, 0x00000000a4600000, 0x00000000e0800000)
  object space 47104K, 14% used [0x00000000a1800000,0x00000000a1ebde70,0x00000000a4600000)
 Metaspace       used 27445K, capacity 28954K, committed 29056K, reserved 1075200K
  class space    used 3604K, capacity 3903K, committed 3968K, reserved 1048576K
GC Heap History (10 events):
Event: 1.909 GC heap before
{Heap before GC invocations=3 (full 0):
 PSYoungGen      total 28672K, used 28649K [0x00000000e0800000, 0x00000000e2800000, 0x0000000100000000)
  eden space 24576K, 100% used [0x00000000e0800000,0x00000000e2000000,0x00000000e2000000)
  from space 4096K, 99% used [0x00000000e2400000,0x00000000e27fa748,0x00000000e2800000)
  to   space 4096K, 0% used [0x00000000e2000000,0x00000000e2000000,0x00000000e2400000)
 ParOldGen       total 65536K, used 1357K [0x00000000a1800000, 0x00000000a5800000, 0x00000000e0800000)
  object space 65536K, 2% used [0x00000000a1800000,0x00000000a1953520,0x00000000a5800000)
 Metaspace       used 17832K, capacity 18620K, committed 18816K, reserved 1064960K
  class space    used 2246K, capacity 2406K, committed 2432K, reserved 1048576K
Event: 1.916 GC heap after
Heap after GC invocations=3 (full 0):
 PSYoungGen      total 28672K, used 4069K [0x00000000e0800000, 0x00000000e4000000, 0x0000000100000000)
  eden space 24576K, 0% used [0x00000000e0800000,0x00000000e0800000,0x00000000e2000000)
  from space 4096K, 99% used [0x00000000e2000000,0x00000000e23f96c8,0x00000000e2400000)
  to   space 4096K, 0% used [0x00000000e3c00000,0x00000000e3c00000,0x00000000e4000000)
 ParOldGen       total 65536K, used 4465K [0x00000000a1800000, 0x00000000a5800000, 0x00000000e0800000)
  object space 65536K, 6% used [0x00000000a1800000,0x00000000a1c5c618,0x00000000a5800000)
 Metaspace       used 17832K, capacity 18620K, committed 18816K, reserved 1064960K
  class space    used 2246K, capacity 2406K, committed 2432K, reserved 1048576K
}
Event: 2.116 GC heap before
{Heap before GC invocations=4 (full 0):
 PSYoungGen      total 28672K, used 26313K [0x00000000e0800000, 0x00000000e4000000, 0x0000000100000000)
  eden space 24576K, 90% used [0x00000000e0800000,0x00000000e1db8e90,0x00000000e2000000)
  from space 4096K, 99% used [0x00000000e2000000,0x00000000e23f96c8,0x00000000e2400000)
  to   space 4096K, 0% used [0x00000000e3c00000,0x00000000e3c00000,0x00000000e4000000)
 ParOldGen       total 65536K, used 4465K [0x00000000a1800000, 0x00000000a5800000, 0x00000000e0800000)
  object space 65536K, 6% used [0x00000000a1800000,0x00000000a1c5c618,0x00000000a5800000)
 Metaspace       used 20444K, capacity 21228K, committed 21248K, reserved 1067008K
  class space    used 2624K, capacity 2810K, committed 2816K, reserved 1048576K
Event: 2.125 GC heap after
Heap after GC invocations=4 (full 0):
 PSYoungGen      total 53248K, used 4085K [0x00000000e0800000, 0x00000000e4000000, 0x0000000100000000)
  eden space 49152K, 0% used [0x00000000e0800000,0x00000000e0800000,0x00000000e3800000)
  from space 4096K, 99% used [0x00000000e3c00000,0x00000000e3ffd6d8,0x00000000e4000000)
  to   space 4096K, 0% used [0x00000000e3800000,0x00000000e3800000,0x00000000e3c00000)
 ParOldGen       total 65536K, used 7343K [0x00000000a1800000, 0x00000000a5800000, 0x00000000e0800000)
  object space 65536K, 11% used [0x00000000a1800000,0x00000000a1f2bd28,0x00000000a5800000)
 Metaspace       used 20444K, capacity 21228K, committed 21248K, reserved 1067008K
  class space    used 2624K, capacity 2810K, committed 2816K, reserved 1048576K
}
Event: 2.125 GC heap before
{Heap before GC invocations=5 (full 1):
 PSYoungGen      total 53248K, used 4085K [0x00000000e0800000, 0x00000000e4000000, 0x0000000100000000)
  eden space 49152K, 0% used [0x00000000e0800000,0x00000000e0800000,0x00000000e3800000)
  from space 4096K, 99% used [0x00000000e3c00000,0x00000000e3ffd6d8,0x00000000e4000000)
  to   space 4096K, 0% used [0x00000000e3800000,0x00000000e3800000,0x00000000e3c00000)
 ParOldGen       total 65536K, used 7343K [0x00000000a1800000, 0x00000000a5800000, 0x00000000e0800000)
  object space 65536K, 11% used [0x00000000a1800000,0x00000000a1f2bd28,0x00000000a5800000)
 Metaspace       used 20444K, capacity 21228K, committed 21248K, reserved 1067008K
  class space    used 2624K, capacity 2810K, committed 2816K, reserved 1048576K
Event: 2.162 GC heap after
Heap after GC invocations=5 (full 1):
 PSYoungGen      total 53248K, used 0K [0x00000000e0800000, 0x00000000e4000000, 0x0000000100000000)
  eden space 49152K, 0% used [0x00000000e0800000,0x00000000e0800000,0x00000000e3800000)
  from space 4096K, 0% used [0x00000000e3c00000,0x00000000e3c00000,0x00000000e4000000)
  to   space 4096K, 0% used [0x00000000e3800000,0x00000000e3800000,0x00000000e3c00000)
 ParOldGen       total 47104K, used 6895K [0x00000000a1800000, 0x00000000a4600000, 0x00000000e0800000)
  object space 47104K, 14% used [0x00000000a1800000,0x00000000a1ebbe70,0x00000000a4600000)
 Metaspace       used 20444K, capacity 21228K, committed 21248K, reserved 1067008K
  class space    used 2624K, capacity 2810K, committed 2816K, reserved 1048576K
}
Event: 2.331 GC heap before
{Heap before GC invocations=6 (full 1):
 PSYoungGen      total 53248K, used 49152K [0x00000000e0800000, 0x00000000e4000000, 0x0000000100000000)
  eden space 49152K, 100% used [0x00000000e0800000,0x00000000e3800000,0x00000000e3800000)
  from space 4096K, 0% used [0x00000000e3c00000,0x00000000e3c00000,0x00000000e4000000)
  to   space 4096K, 0% used [0x00000000e3800000,0x00000000e3800000,0x00000000e3c00000)
 ParOldGen       total 47104K, used 6895K [0x00000000a1800000, 0x00000000a4600000, 0x00000000e0800000)
  object space 47104K, 14% used [0x00000000a1800000,0x00000000a1ebbe70,0x00000000a4600000)
 Metaspace       used 21438K, capacity 22272K, committed 22400K, reserved 1069056K
  class space    used 2755K, capacity 2932K, committed 2944K, reserved 1048576K
Event: 2.335 GC heap after
Heap after GC invocations=6 (full 1):
 PSYoungGen      total 53248K, used 2107K [0x00000000e0800000, 0x00000000e6480000, 0x0000000100000000)
  eden space 49152K, 0% used [0x00000000e0800000,0x00000000e0800000,0x00000000e3800000)
  from space 4096K, 51% used [0x00000000e3800000,0x00000000e3a0ee48,0x00000000e3c00000)
  to   space 9216K, 0% used [0x00000000e5b80000,0x00000000e5b80000,0x00000000e6480000)
 ParOldGen       total 47104K, used 6895K [0x00000000a1800000, 0x00000000a4600000, 0x00000000e0800000)
  object space 47104K, 14% used [0x00000000a1800000,0x00000000a1ebbe70,0x00000000a4600000)
 Metaspace       used 21438K, capacity 22272K, committed 22400K, reserved 1069056K
  class space    used 2755K, capacity 2932K, committed 2944K, reserved 1048576K
}
Event: 3.119 GC heap before
{Heap before GC invocations=7 (full 1):
 PSYoungGen      total 53248K, used 51259K [0x00000000e0800000, 0x00000000e6480000, 0x0000000100000000)
  eden space 49152K, 100% used [0x00000000e0800000,0x00000000e3800000,0x00000000e3800000)
  from space 4096K, 51% used [0x00000000e3800000,0x00000000e3a0ee48,0x00000000e3c00000)
  to   space 9216K, 0% used [0x00000000e5b80000,0x00000000e5b80000,0x00000000e6480000)
 ParOldGen       total 47104K, used 6895K [0x00000000a1800000, 0x00000000a4600000, 0x00000000e0800000)
  object space 47104K, 14% used [0x00000000a1800000,0x00000000a1ebbe70,0x00000000a4600000)
 Metaspace       used 24412K, capacity 25708K, committed 25984K, reserved 1071104K
  class space    used 3151K, capacity 3426K, committed 3456K, reserved 1048576K
Event: 3.128 GC heap after
Heap after GC invocations=7 (full 1):
 PSYoungGen      total 81408K, used 6105K [0x00000000e0800000, 0x00000000e6280000, 0x0000000100000000)
  eden space 74240K, 0% used [0x00000000e0800000,0x00000000e0800000,0x00000000e5080000)
  from space 7168K, 85% used [0x00000000e5b80000,0x00000000e61767c0,0x00000000e6280000)
  to   space 9216K, 0% used [0x00000000e5080000,0x00000000e5080000,0x00000000e5980000)
 ParOldGen       total 47104K, used 6903K [0x00000000a1800000, 0x00000000a4600000, 0x00000000e0800000)
  object space 47104K, 14% used [0x00000000a1800000,0x00000000a1ebde70,0x00000000a4600000)
 Metaspace       used 24412K, capacity 25708K, committed 25984K, reserved 1071104K
  class space    used 3151K, capacity 3426K, committed 3456K, reserved 1048576K
}

