# JRE version: Java(TM) SE Runtime Environment (8.0_181-b13) (build 1.8.0_181-b13)
# Java VM: Java HotSpot(TM) 64-Bit Server VM (25.181-b13 mixed mode windows-amd64 compressed oops)
Heap:
 PSYoungGen      total 53248K, used 0K [0x00000000e0800000, 0x00000000e4000000, 0x0000000100000000)
  eden space 49152K, 0% used [0x00000000e0800000,0x00000000e0800000,0x00000000e3800000)
  from space 4096K, 0% used [0x00000000e3c00000,0x00000000e3c00000,0x00000000e4000000)
  to   space 4096K, 0% used [0x00000000e3800000,0x00000000e3800000,0x00000000e3c00000)
 ParOldGen       total 46592K, used 10527K [0x00000000a1800000, 0x00000000a4580000, 0x00000000e0800000)
  object space 46592K, 22% used [0x00000000a1800000,0x00000000a2247e28,0x00000000a4580000)
 Metaspace       used 27192K, capacity 28626K, committed 28800K, reserved 1081344K
  class space    used 3558K, capacity 3865K, committed 3968K, reserved 1048576K
GC Heap History (10 events):
Event: 2.189 GC heap after
Heap after GC invocations=4 (full 0):
 PSYoungGen      total 53248K, used 4085K [0x00000000e0800000, 0x00000000e4000000, 0x0000000100000000)
  eden space 49152K, 0% used [0x00000000e0800000,0x00000000e0800000,0x00000000e3800000)
  from space 4096K, 99% used [0x00000000e3c00000,0x00000000e3ffd7e8,0x00000000e4000000)
  to   space 4096K, 0% used [0x00000000e3800000,0x00000000e3800000,0x00000000e3c00000)
 ParOldGen       total 65536K, used 7414K [0x00000000a1800000, 0x00000000a5800000, 0x00000000e0800000)
  object space 65536K, 11% used [0x00000000a1800000,0x00000000a1f3d9e8,0x00000000a5800000)
 Metaspace       used 20437K, capacity 21244K, committed 21248K, reserved 1067008K
  class space    used 2634K, capacity 2814K, committed 2816K, reserved 1048576K
}
Event: 2.189 GC heap before
{Heap before GC invocations=5 (full 1):
 PSYoungGen      total 53248K, used 4085K [0x00000000e0800000, 0x00000000e4000000, 0x0000000100000000)
  eden space 49152K, 0% used [0x00000000e0800000,0x00000000e0800000,0x00000000e3800000)
  from space 4096K, 99% used [0x00000000e3c00000,0x00000000e3ffd7e8,0x00000000e4000000)
  to   space 4096K, 0% used [0x00000000e3800000,0x00000000e3800000,0x00000000e3c00000)
 ParOldGen       total 65536K, used 7414K [0x00000000a1800000, 0x00000000a5800000, 0x00000000e0800000)
  object space 65536K, 11% used [0x00000000a1800000,0x00000000a1f3d9e8,0x00000000a5800000)
 Metaspace       used 20437K, capacity 21244K, committed 21248K, reserved 1067008K
  class space    used 2634K, capacity 2814K, committed 2816K, reserved 1048576K
Event: 2.221 GC heap after
Heap after GC invocations=5 (full 1):
 PSYoungGen      total 53248K, used 0K [0x00000000e0800000, 0x00000000e4000000, 0x0000000100000000)
  eden space 49152K, 0% used [0x00000000e0800000,0x00000000e0800000,0x00000000e3800000)
  from space 4096K, 0% used [0x00000000e3c00000,0x00000000e3c00000,0x00000000e4000000)
  to   space 4096K, 0% used [0x00000000e3800000,0x00000000e3800000,0x00000000e3c00000)
 ParOldGen       total 46592K, used 6967K [0x00000000a1800000, 0x00000000a4580000, 0x00000000e0800000)
  object space 46592K, 14% used [0x00000000a1800000,0x00000000a1ecde18,0x00000000a4580000)
 Metaspace       used 20437K, capacity 21244K, committed 21248K, reserved 1067008K
  class space    used 2634K, capacity 2814K, committed 2816K, reserved 1048576K
}
Event: 2.605 GC heap before
{Heap before GC invocations=6 (full 1):
 PSYoungGen      total 53248K, used 49152K [0x00000000e0800000, 0x00000000e4000000, 0x0000000100000000)
  eden space 49152K, 100% used [0x00000000e0800000,0x00000000e3800000,0x00000000e3800000)
  from space 4096K, 0% used [0x00000000e3c00000,0x00000000e3c00000,0x00000000e4000000)
  to   space 4096K, 0% used [0x00000000e3800000,0x00000000e3800000,0x00000000e3c00000)
 ParOldGen       total 46592K, used 6967K [0x00000000a1800000, 0x00000000a4580000, 0x00000000e0800000)
  object space 46592K, 14% used [0x00000000a1800000,0x00000000a1ecde18,0x00000000a4580000)
 Metaspace       used 21515K, capacity 22396K, committed 22528K, reserved 1069056K
  class space    used 2768K, capacity 2970K, committed 3072K, reserved 1048576K
Event: 2.608 GC heap after
Heap after GC invocations=6 (full 1):
 PSYoungGen      total 53248K, used 2259K [0x00000000e0800000, 0x00000000e4000000, 0x0000000100000000)
  eden space 49152K, 0% used [0x00000000e0800000,0x00000000e0800000,0x00000000e3800000)
  from space 4096K, 55% used [0x00000000e3800000,0x00000000e3a34e68,0x00000000e3c00000)
  to   space 4096K, 0% used [0x00000000e3c00000,0x00000000e3c00000,0x00000000e4000000)
 ParOldGen       total 46592K, used 6967K [0x00000000a1800000, 0x00000000a4580000, 0x00000000e0800000)
  object space 46592K, 14% used [0x00000000a1800000,0x00000000a1ecde18,0x00000000a4580000)
 Metaspace       used 21515K, capacity 22396K, committed 22528K, reserved 1069056K
  class space    used 2768K, capacity 2970K, committed 3072K, reserved 1048576K
}
Event: 3.413 GC heap before
{Heap before GC invocations=7 (full 1):
 PSYoungGen      total 53248K, used 51411K [0x00000000e0800000, 0x00000000e4000000, 0x0000000100000000)
  eden space 49152K, 100% used [0x00000000e0800000,0x00000000e3800000,0x00000000e3800000)
  from space 4096K, 55% used [0x00000000e3800000,0x00000000e3a34e68,0x00000000e3c00000)
  to   space 4096K, 0% used [0x00000000e3c00000,0x00000000e3c00000,0x00000000e4000000)
 ParOldGen       total 46592K, used 6967K [0x00000000a1800000, 0x00000000a4580000, 0x00000000e0800000)
  object space 46592K, 14% used [0x00000000a1800000,0x00000000a1ecde18,0x00000000a4580000)
 Metaspace       used 24482K, capacity 25708K, committed 25984K, reserved 1071104K
  class space    used 3162K, capacity 3426K, committed 3456K, reserved 1048576K
Event: 3.419 GC heap after
Heap after GC invocations=7 (full 1):
 PSYoungGen      total 53248K, used 4095K [0x00000000e0800000, 0x00000000e4000000, 0x0000000100000000)
  eden space 49152K, 0% used [0x00000000e0800000,0x00000000e0800000,0x00000000e3800000)
  from space 4096K, 99% used [0x00000000e3c00000,0x00000000e3fffc08,0x00000000e4000000)
  to   space 4096K, 0% used [0x00000000e3800000,0x00000000e3800000,0x00000000e3c00000)
 ParOldGen       total 46592K, used 9028K [0x00000000a1800000, 0x00000000a4580000, 0x00000000e0800000)
  object space 46592K, 19% used [0x00000000a1800000,0x00000000a20d10f0,0x00000000a4580000)
 Metaspace       used 24482K, capacity 25708K, committed 25984K, reserved 1071104K
  class space    used 3162K, capacity 3426K, committed 3456K, reserved 1048576K
}
Event: 3.983 GC heap before
{Heap before GC invocations=8 (full 1):
 PSYoungGen      total 53248K, used 34535K [0x00000000e0800000, 0x00000000e4000000, 0x0000000100000000)
  eden space 49152K, 61% used [0x00000000e0800000,0x00000000e25ba180,0x00000000e3800000)
  from space 4096K, 99% used [0x00000000e3c00000,0x00000000e3fffc08,0x00000000e4000000)
  to   space 4096K, 0% used [0x00000000e3800000,0x00000000e3800000,0x00000000e3c00000)
 ParOldGen       total 46592K, used 9028K [0x00000000a1800000, 0x00000000a4580000, 0x00000000e0800000)
  object space 46592K, 19% used [0x00000000a1800000,0x00000000a20d10f0,0x00000000a4580000)
 Metaspace       used 27192K, capacity 28626K, committed 28800K, reserved 1079296K
  class space    used 3558K, capacity 3865K, committed 3968K, reserved 1048576K
Event: 3.992 GC heap after
Heap after GC invocations=8 (full 1):
 PSYoungGen      total 53248K, used 4072K [0x00000000e0800000, 0x00000000e4000000, 0x0000000100000000)
  eden space 49152K, 0% used [0x00000000e0800000,0x00000000e0800000,0x00000000e3800000)
  from space 4096K, 99% used [0x00000000e3800000,0x00000000e3bfa3e0,0x00000000e3c00000)
  to   space 4096K, 0% used [0x00000000e3c00000,0x00000000e3c00000,0x00000000e4000000)
 ParOldGen       total 46592K, used 11628K [0x00000000a1800000, 0x00000000a4580000, 0x00000000e0800000)
  object space 46592K, 24% used [0x00000000a1800000,0x00000000a235b180,0x00000000a4580000)
 Metaspace       used 27192K, capacity 28626K, committed 28800K, reserved 1079296K
  class space    used 3558K, capacity 3865K, committed 3968K, reserved 1048576K
}
Event: 3.992 GC heap before
{Heap before GC invocations=9 (full 2):
 PSYoungGen      total 53248K, used 4072K [0x00000000e0800000, 0x00000000e4000000, 0x0000000100000000)
  eden space 49152K, 0% used [0x00000000e0800000,0x00000000e0800000,0x00000000e3800000)
  from space 4096K, 99% used [0x00000000e3800000,0x00000000e3bfa3e0,0x00000000e3c00000)
  to   space 4096K, 0% used [0x00000000e3c00000,0x00000000e3c00000,0x00000000e4000000)
 ParOldGen       total 46592K, used 11628K [0x00000000a1800000, 0x00000000a4580000, 0x00000000e0800000)
  object space 46592K, 24% used [0x00000000a1800000,0x00000000a235b180,0x00000000a4580000)
 Metaspace       used 27192K, capacity 28626K, committed 28800K, reserved 1079296K
  class space    used 3558K, capacity 3865K, committed 3968K, reserved 1048576K

