# JRE version: Java(TM) SE Runtime Environment (8.0_181-b13) (build 1.8.0_181-b13)
# Java VM: Java HotSpot(TM) 64-Bit Server VM (25.181-b13 mixed mode windows-amd64 compressed oops)
Heap:
 PSYoungGen      total 82944K, used 41060K [0x00000000e0800000, 0x00000000e6380000, 0x0000000100000000)
  eden space 75264K, 46% used [0x00000000e0800000,0x00000000e2a17540,0x00000000e5180000)
  from space 7680K, 80% used [0x00000000e5c00000,0x00000000e6201b48,0x00000000e6380000)
  to   space 9216K, 0% used [0x00000000e5180000,0x00000000e5180000,0x00000000e5a80000)
 ParOldGen       total 46080K, used 6893K [0x00000000a1800000, 0x00000000a4500000, 0x00000000e0800000)
  object space 46080K, 14% used [0x00000000a1800000,0x00000000a1ebb560,0x00000000a4500000)
 Metaspace       used 27608K, capacity 29162K, committed 29312K, reserved 1077248K
  class space    used 3627K, capacity 3929K, committed 3968K, reserved 1048576K
GC Heap History (10 events):
Event: 2.169 GC heap before
{Heap before GC invocations=3 (full 0):
 PSYoungGen      total 28672K, used 28665K [0x00000000e0800000, 0x00000000e2800000, 0x0000000100000000)
  eden space 24576K, 100% used [0x00000000e0800000,0x00000000e2000000,0x00000000e2000000)
  from space 4096K, 99% used [0x00000000e2400000,0x00000000e27fe758,0x00000000e2800000)
  to   space 4096K, 0% used [0x00000000e2000000,0x00000000e2000000,0x00000000e2400000)
 ParOldGen       total 65536K, used 1324K [0x00000000a1800000, 0x00000000a5800000, 0x00000000e0800000)
  object space 65536K, 2% used [0x00000000a1800000,0x00000000a194b3d8,0x00000000a5800000)
 Metaspace       used 17812K, capacity 18558K, committed 18816K, reserved 1064960K
  class space    used 2245K, capacity 2405K, committed 2432K, reserved 1048576K
Event: 2.179 GC heap after
Heap after GC invocations=3 (full 0):
 PSYoungGen      total 28672K, used 4085K [0x00000000e0800000, 0x00000000e4000000, 0x0000000100000000)
  eden space 24576K, 0% used [0x00000000e0800000,0x00000000e0800000,0x00000000e2000000)
  from space 4096K, 99% used [0x00000000e2000000,0x00000000e23fd6b8,0x00000000e2400000)
  to   space 4096K, 0% used [0x00000000e3c00000,0x00000000e3c00000,0x00000000e4000000)
 ParOldGen       total 65536K, used 4370K [0x00000000a1800000, 0x00000000a5800000, 0x00000000e0800000)
  object space 65536K, 6% used [0x00000000a1800000,0x00000000a1c44bd8,0x00000000a5800000)
 Metaspace       used 17812K, capacity 18558K, committed 18816K, reserved 1064960K
  class space    used 2245K, capacity 2405K, committed 2432K, reserved 1048576K
}
Event: 2.572 GC heap before
{Heap before GC invocations=4 (full 0):
 PSYoungGen      total 28672K, used 26691K [0x00000000e0800000, 0x00000000e4000000, 0x0000000100000000)
  eden space 24576K, 91% used [0x00000000e0800000,0x00000000e1e13660,0x00000000e2000000)
  from space 4096K, 99% used [0x00000000e2000000,0x00000000e23fd6b8,0x00000000e2400000)
  to   space 4096K, 0% used [0x00000000e3c00000,0x00000000e3c00000,0x00000000e4000000)
 ParOldGen       total 65536K, used 4370K [0x00000000a1800000, 0x00000000a5800000, 0x00000000e0800000)
  object space 65536K, 6% used [0x00000000a1800000,0x00000000a1c44bd8,0x00000000a5800000)
 Metaspace       used 20438K, capacity 21188K, committed 21248K, reserved 1067008K
  class space    used 2633K, capacity 2814K, committed 2816K, reserved 1048576K
Event: 2.587 GC heap after
Heap after GC invocations=4 (full 0):
 PSYoungGen      total 53248K, used 4064K [0x00000000e0800000, 0x00000000e4000000, 0x0000000100000000)
  eden space 49152K, 0% used [0x00000000e0800000,0x00000000e0800000,0x00000000e3800000)
  from space 4096K, 99% used [0x00000000e3c00000,0x00000000e3ff8020,0x00000000e4000000)
  to   space 4096K, 0% used [0x00000000e3800000,0x00000000e3800000,0x00000000e3c00000)
 ParOldGen       total 65536K, used 7299K [0x00000000a1800000, 0x00000000a5800000, 0x00000000e0800000)
  object space 65536K, 11% used [0x00000000a1800000,0x00000000a1f20f38,0x00000000a5800000)
 Metaspace       used 20438K, capacity 21188K, committed 21248K, reserved 1067008K
  class space    used 2633K, capacity 2814K, committed 2816K, reserved 1048576K
}
Event: 2.587 GC heap before
{Heap before GC invocations=5 (full 1):
 PSYoungGen      total 53248K, used 4064K [0x00000000e0800000, 0x00000000e4000000, 0x0000000100000000)
  eden space 49152K, 0% used [0x00000000e0800000,0x00000000e0800000,0x00000000e3800000)
  from space 4096K, 99% used [0x00000000e3c00000,0x00000000e3ff8020,0x00000000e4000000)
  to   space 4096K, 0% used [0x00000000e3800000,0x00000000e3800000,0x00000000e3c00000)
 ParOldGen       total 65536K, used 7299K [0x00000000a1800000, 0x00000000a5800000, 0x00000000e0800000)
  object space 65536K, 11% used [0x00000000a1800000,0x00000000a1f20f38,0x00000000a5800000)
 Metaspace       used 20438K, capacity 21188K, committed 21248K, reserved 1067008K
  class space    used 2633K, capacity 2814K, committed 2816K, reserved 1048576K
Event: 2.628 GC heap after
Heap after GC invocations=5 (full 1):
 PSYoungGen      total 53248K, used 0K [0x00000000e0800000, 0x00000000e4000000, 0x0000000100000000)
  eden space 49152K, 0% used [0x00000000e0800000,0x00000000e0800000,0x00000000e3800000)
  from space 4096K, 0% used [0x00000000e3c00000,0x00000000e3c00000,0x00000000e4000000)
  to   space 4096K, 0% used [0x00000000e3800000,0x00000000e3800000,0x00000000e3c00000)
 ParOldGen       total 46080K, used 6885K [0x00000000a1800000, 0x00000000a4500000, 0x00000000e0800000)
  object space 46080K, 14% used [0x00000000a1800000,0x00000000a1eb9560,0x00000000a4500000)
 Metaspace       used 20438K, capacity 21188K, committed 21248K, reserved 1067008K
  class space    used 2633K, capacity 2814K, committed 2816K, reserved 1048576K
}
Event: 2.969 GC heap before
{Heap before GC invocations=6 (full 1):
 PSYoungGen      total 53248K, used 49152K [0x00000000e0800000, 0x00000000e4000000, 0x0000000100000000)
  eden space 49152K, 100% used [0x00000000e0800000,0x00000000e3800000,0x00000000e3800000)
  from space 4096K, 0% used [0x00000000e3c00000,0x00000000e3c00000,0x00000000e4000000)
  to   space 4096K, 0% used [0x00000000e3800000,0x00000000e3800000,0x00000000e3c00000)
 ParOldGen       total 46080K, used 6885K [0x00000000a1800000, 0x00000000a4500000, 0x00000000e0800000)
  object space 46080K, 14% used [0x00000000a1800000,0x00000000a1eb9560,0x00000000a4500000)
 Metaspace       used 21525K, capacity 22398K, committed 22528K, reserved 1069056K
  class space    used 2766K, capacity 2969K, committed 3072K, reserved 1048576K
Event: 2.974 GC heap after
Heap after GC invocations=6 (full 1):
 PSYoungGen      total 53248K, used 2299K [0x00000000e0800000, 0x00000000e6500000, 0x0000000100000000)
  eden space 49152K, 0% used [0x00000000e0800000,0x00000000e0800000,0x00000000e3800000)
  from space 4096K, 56% used [0x00000000e3800000,0x00000000e3a3ef90,0x00000000e3c00000)
  to   space 9216K, 0% used [0x00000000e5c00000,0x00000000e5c00000,0x00000000e6500000)
 ParOldGen       total 46080K, used 6885K [0x00000000a1800000, 0x00000000a4500000, 0x00000000e0800000)
  object space 46080K, 14% used [0x00000000a1800000,0x00000000a1eb9560,0x00000000a4500000)
 Metaspace       used 21525K, capacity 22398K, committed 22528K, reserved 1069056K
  class space    used 2766K, capacity 2969K, committed 3072K, reserved 1048576K
}
Event: 3.780 GC heap before
{Heap before GC invocations=7 (full 1):
 PSYoungGen      total 53248K, used 51451K [0x00000000e0800000, 0x00000000e6500000, 0x0000000100000000)
  eden space 49152K, 100% used [0x00000000e0800000,0x00000000e3800000,0x00000000e3800000)
  from space 4096K, 56% used [0x00000000e3800000,0x00000000e3a3ef90,0x00000000e3c00000)
  to   space 9216K, 0% used [0x00000000e5c00000,0x00000000e5c00000,0x00000000e6500000)
 ParOldGen       total 46080K, used 6885K [0x00000000a1800000, 0x00000000a4500000, 0x00000000e0800000)
  object space 46080K, 14% used [0x00000000a1800000,0x00000000a1eb9560,0x00000000a4500000)
 Metaspace       used 24442K, capacity 25712K, committed 25984K, reserved 1071104K
  class space    used 3154K, capacity 3426K, committed 3456K, reserved 1048576K
Event: 3.787 GC heap after
Heap after GC invocations=7 (full 1):
 PSYoungGen      total 82944K, used 6150K [0x00000000e0800000, 0x00000000e6380000, 0x0000000100000000)
  eden space 75264K, 0% used [0x00000000e0800000,0x00000000e0800000,0x00000000e5180000)
  from space 7680K, 80% used [0x00000000e5c00000,0x00000000e6201b48,0x00000000e6380000)
  to   space 9216K, 0% used [0x00000000e5180000,0x00000000e5180000,0x00000000e5a80000)
 ParOldGen       total 46080K, used 6893K [0x00000000a1800000, 0x00000000a4500000, 0x00000000e0800000)
  object space 46080K, 14% used [0x00000000a1800000,0x00000000a1ebb560,0x00000000a4500000)
 Metaspace       used 24442K, capacity 25712K, committed 25984K, reserved 1071104K
  class space    used 3154K, capacity 3426K, committed 3456K, reserved 1048576K
}

