# JRE version: Java(TM) SE Runtime Environment (8.0_181-b13) (build 1.8.0_181-b13)
# Java VM: Java HotSpot(TM) 64-Bit Server VM (25.181-b13 mixed mode windows-amd64 compressed oops)
Heap:
 PSYoungGen      total 81920K, used 42569K [0x00000000e0800000, 0x00000000e6280000, 0x0000000100000000)
  eden space 74240K, 49% used [0x00000000e0800000,0x00000000e2ba37f0,0x00000000e5080000)
  from space 7680K, 79% used [0x00000000e5b00000,0x00000000e60eeda8,0x00000000e6280000)
  to   space 9216K, 0% used [0x00000000e5080000,0x00000000e5080000,0x00000000e5980000)
 ParOldGen       total 47104K, used 6967K [0x00000000a1800000, 0x00000000a4600000, 0x00000000e0800000)
  object space 47104K, 14% used [0x00000000a1800000,0x00000000a1ecdc00,0x00000000a4600000)
 Metaspace       used 27125K, capacity 28656K, committed 28800K, reserved 1075200K
  class space    used 3577K, capacity 3872K, committed 3968K, reserved 1048576K
GC Heap History (10 events):
Event: 2.226 GC heap before
{Heap before GC invocations=3 (full 0):
 PSYoungGen      total 28672K, used 28645K [0x00000000e0800000, 0x00000000e2800000, 0x0000000100000000)
  eden space 24576K, 100% used [0x00000000e0800000,0x00000000e2000000,0x00000000e2000000)
  from space 4096K, 99% used [0x00000000e2400000,0x00000000e27f96c8,0x00000000e2800000)
  to   space 4096K, 0% used [0x00000000e2000000,0x00000000e2000000,0x00000000e2400000)
 ParOldGen       total 65536K, used 1302K [0x00000000a1800000, 0x00000000a5800000, 0x00000000e0800000)
  object space 65536K, 1% used [0x00000000a1800000,0x00000000a1945bf0,0x00000000a5800000)
 Metaspace       used 17797K, capacity 18556K, committed 18816K, reserved 1064960K
  class space    used 2247K, capacity 2406K, committed 2432K, reserved 1048576K
Event: 2.235 GC heap after
Heap after GC invocations=3 (full 0):
 PSYoungGen      total 28672K, used 4080K [0x00000000e0800000, 0x00000000e4000000, 0x0000000100000000)
  eden space 24576K, 0% used [0x00000000e0800000,0x00000000e0800000,0x00000000e2000000)
  from space 4096K, 99% used [0x00000000e2000000,0x00000000e23fc010,0x00000000e2400000)
  to   space 4096K, 0% used [0x00000000e3c00000,0x00000000e3c00000,0x00000000e4000000)
 ParOldGen       total 65536K, used 4349K [0x00000000a1800000, 0x00000000a5800000, 0x00000000e0800000)
  object space 65536K, 6% used [0x00000000a1800000,0x00000000a1c3f7d0,0x00000000a5800000)
 Metaspace       used 17797K, capacity 18556K, committed 18816K, reserved 1064960K
  class space    used 2247K, capacity 2406K, committed 2432K, reserved 1048576K
}
Event: 2.457 GC heap before
{Heap before GC invocations=4 (full 0):
 PSYoungGen      total 28672K, used 26151K [0x00000000e0800000, 0x00000000e4000000, 0x0000000100000000)
  eden space 24576K, 89% used [0x00000000e0800000,0x00000000e1d8ded8,0x00000000e2000000)
  from space 4096K, 99% used [0x00000000e2000000,0x00000000e23fc010,0x00000000e2400000)
  to   space 4096K, 0% used [0x00000000e3c00000,0x00000000e3c00000,0x00000000e4000000)
 ParOldGen       total 65536K, used 4349K [0x00000000a1800000, 0x00000000a5800000, 0x00000000e0800000)
  object space 65536K, 6% used [0x00000000a1800000,0x00000000a1c3f7d0,0x00000000a5800000)
 Metaspace       used 20444K, capacity 21220K, committed 21248K, reserved 1067008K
  class space    used 2618K, capacity 2798K, committed 2816K, reserved 1048576K
Event: 2.466 GC heap after
Heap after GC invocations=4 (full 0):
 PSYoungGen      total 53248K, used 4082K [0x00000000e0800000, 0x00000000e4000000, 0x0000000100000000)
  eden space 49152K, 0% used [0x00000000e0800000,0x00000000e0800000,0x00000000e3800000)
  from space 4096K, 99% used [0x00000000e3c00000,0x00000000e3ffc8b8,0x00000000e4000000)
  to   space 4096K, 0% used [0x00000000e3800000,0x00000000e3800000,0x00000000e3c00000)
 ParOldGen       total 65536K, used 7332K [0x00000000a1800000, 0x00000000a5800000, 0x00000000e0800000)
  object space 65536K, 11% used [0x00000000a1800000,0x00000000a1f290a8,0x00000000a5800000)
 Metaspace       used 20444K, capacity 21220K, committed 21248K, reserved 1067008K
  class space    used 2618K, capacity 2798K, committed 2816K, reserved 1048576K
}
Event: 2.466 GC heap before
{Heap before GC invocations=5 (full 1):
 PSYoungGen      total 53248K, used 4082K [0x00000000e0800000, 0x00000000e4000000, 0x0000000100000000)
  eden space 49152K, 0% used [0x00000000e0800000,0x00000000e0800000,0x00000000e3800000)
  from space 4096K, 99% used [0x00000000e3c00000,0x00000000e3ffc8b8,0x00000000e4000000)
  to   space 4096K, 0% used [0x00000000e3800000,0x00000000e3800000,0x00000000e3c00000)
 ParOldGen       total 65536K, used 7332K [0x00000000a1800000, 0x00000000a5800000, 0x00000000e0800000)
  object space 65536K, 11% used [0x00000000a1800000,0x00000000a1f290a8,0x00000000a5800000)
 Metaspace       used 20444K, capacity 21220K, committed 21248K, reserved 1067008K
  class space    used 2618K, capacity 2798K, committed 2816K, reserved 1048576K
Event: 2.505 GC heap after
Heap after GC invocations=5 (full 1):
 PSYoungGen      total 53248K, used 0K [0x00000000e0800000, 0x00000000e4000000, 0x0000000100000000)
  eden space 49152K, 0% used [0x00000000e0800000,0x00000000e0800000,0x00000000e3800000)
  from space 4096K, 0% used [0x00000000e3c00000,0x00000000e3c00000,0x00000000e4000000)
  to   space 4096K, 0% used [0x00000000e3800000,0x00000000e3800000,0x00000000e3c00000)
 ParOldGen       total 47104K, used 6959K [0x00000000a1800000, 0x00000000a4600000, 0x00000000e0800000)
  object space 47104K, 14% used [0x00000000a1800000,0x00000000a1ecbc00,0x00000000a4600000)
 Metaspace       used 20444K, capacity 21220K, committed 21248K, reserved 1067008K
  class space    used 2618K, capacity 2798K, committed 2816K, reserved 1048576K
}
Event: 2.729 GC heap before
{Heap before GC invocations=6 (full 1):
 PSYoungGen      total 53248K, used 49152K [0x00000000e0800000, 0x00000000e4000000, 0x0000000100000000)
  eden space 49152K, 100% used [0x00000000e0800000,0x00000000e3800000,0x00000000e3800000)
  from space 4096K, 0% used [0x00000000e3c00000,0x00000000e3c00000,0x00000000e4000000)
  to   space 4096K, 0% used [0x00000000e3800000,0x00000000e3800000,0x00000000e3c00000)
 ParOldGen       total 47104K, used 6959K [0x00000000a1800000, 0x00000000a4600000, 0x00000000e0800000)
  object space 47104K, 14% used [0x00000000a1800000,0x00000000a1ecbc00,0x00000000a4600000)
 Metaspace       used 21218K, capacity 22110K, committed 22144K, reserved 1069056K
  class space    used 2731K, capacity 2931K, committed 2944K, reserved 1048576K
Event: 2.733 GC heap after
Heap after GC invocations=6 (full 1):
 PSYoungGen      total 53248K, used 1966K [0x00000000e0800000, 0x00000000e6400000, 0x0000000100000000)
  eden space 49152K, 0% used [0x00000000e0800000,0x00000000e0800000,0x00000000e3800000)
  from space 4096K, 48% used [0x00000000e3800000,0x00000000e39ebba8,0x00000000e3c00000)
  to   space 9216K, 0% used [0x00000000e5b00000,0x00000000e5b00000,0x00000000e6400000)
 ParOldGen       total 47104K, used 6959K [0x00000000a1800000, 0x00000000a4600000, 0x00000000e0800000)
  object space 47104K, 14% used [0x00000000a1800000,0x00000000a1ecbc00,0x00000000a4600000)
 Metaspace       used 21218K, capacity 22110K, committed 22144K, reserved 1069056K
  class space    used 2731K, capacity 2931K, committed 2944K, reserved 1048576K
}
Event: 3.580 GC heap before
{Heap before GC invocations=7 (full 1):
 PSYoungGen      total 53248K, used 51118K [0x00000000e0800000, 0x00000000e6400000, 0x0000000100000000)
  eden space 49152K, 100% used [0x00000000e0800000,0x00000000e3800000,0x00000000e3800000)
  from space 4096K, 48% used [0x00000000e3800000,0x00000000e39ebba8,0x00000000e3c00000)
  to   space 9216K, 0% used [0x00000000e5b00000,0x00000000e5b00000,0x00000000e6400000)
 ParOldGen       total 47104K, used 6959K [0x00000000a1800000, 0x00000000a4600000, 0x00000000e0800000)
  object space 47104K, 14% used [0x00000000a1800000,0x00000000a1ecbc00,0x00000000a4600000)
 Metaspace       used 24144K, capacity 25332K, committed 25472K, reserved 1071104K
  class space    used 3119K, capacity 3374K, committed 3456K, reserved 1048576K
Event: 3.588 GC heap after
Heap after GC invocations=7 (full 1):
 PSYoungGen      total 81920K, used 6075K [0x00000000e0800000, 0x00000000e6280000, 0x0000000100000000)
  eden space 74240K, 0% used [0x00000000e0800000,0x00000000e0800000,0x00000000e5080000)
  from space 7680K, 79% used [0x00000000e5b00000,0x00000000e60eeda8,0x00000000e6280000)
  to   space 9216K, 0% used [0x00000000e5080000,0x00000000e5080000,0x00000000e5980000)
 ParOldGen       total 47104K, used 6967K [0x00000000a1800000, 0x00000000a4600000, 0x00000000e0800000)
  object space 47104K, 14% used [0x00000000a1800000,0x00000000a1ecdc00,0x00000000a4600000)
 Metaspace       used 24144K, capacity 25332K, committed 25472K, reserved 1071104K
  class space    used 3119K, capacity 3374K, committed 3456K, reserved 1048576K
}

